[     126ms] [LOG] [Fast Refresh] rebuilding @ http://localhost:3003/_next/static/chunks/node_modules_next_dist_115brz8._.js:2431
[     488ms] [VERBOSE] [DOM] Input elements should have autocomplete attributes (suggested: "new-password"): (More info: https://goo.gl/9p2vKq) %o @ http://localhost:3003/admin:0
[     574ms] [INFO] %cDownload the React DevTools for a better development experience: https://react.dev/link/react-devtools font-weight:bold @ http://localhost:3003/_next/static/chunks/node_modules_next_dist_115brz8._.js:2431
[     613ms] [LOG] [HMR] connected @ http://localhost:3003/_next/static/chunks/node_modules_next_dist_115brz8._.js:2431
[  204793ms] [LOG] [Fast Refresh] rebuilding @ http://localhost:3003/_next/static/chunks/node_modules_next_dist_115brz8._.js:2431
[  204851ms] [LOG] [Fast Refresh] done in 47ms @ http://localhost:3003/_next/static/chunks/node_modules_next_dist_115brz8._.js:2431
[  227863ms] [LOG] [Fast Refresh] rebuilding @ http://localhost:3003/_next/static/chunks/node_modules_next_dist_115brz8._.js:2431
[  227923ms] [LOG] [Fast Refresh] done in 46ms @ http://localhost:3003/_next/static/chunks/node_modules_next_dist_115brz8._.js:2431
[  478049ms] [LOG] [Fast Refresh] rebuilding @ http://localhost:3003/_next/static/chunks/node_modules_next_dist_115brz8._.js:2431
[  478161ms] [LOG] [Fast Refresh] done in 215ms @ http://localhost:3003/_next/static/chunks/node_modules_next_dist_115brz8._.js:2431
[  981023ms] [LOG] [Fast Refresh] rebuilding @ http://localhost:3003/_next/static/chunks/node_modules_next_dist_115brz8._.js:2431
[  981102ms] [LOG] [Fast Refresh] done in 181ms @ http://localhost:3003/_next/static/chunks/node_modules_next_dist_115brz8._.js:2431
[ 1307763ms] [LOG] [Fast Refresh] rebuilding @ http://localhost:3003/_next/static/chunks/node_modules_next_dist_115brz8._.js:2431
[ 1308030ms] [LOG] [Fast Refresh] done in 376ms @ http://localhost:3003/_next/static/chunks/node_modules_next_dist_115brz8._.js:2431
[ 1308145ms] [LOG] [Fast Refresh] rebuilding @ http://localhost:3003/_next/static/chunks/node_modules_next_dist_115brz8._.js:2431
[ 1308480ms] [ERROR] Failed to load resource: the server responded with a status of 404 (Not Found) @ http://localhost:3003/__nextjs_font/geist-latin.woff2:0
[ 1312795ms] [ERROR] WebSocket connection to 'ws://localhost:3003/_next/webpack-hmr?id=RMQw4K9iqSeE5EUtQJ8o_' failed: Error in connection establishment: net::ERR_CONNECTION_REFUSED @ http://localhost:3003/_next/static/chunks/node_modules_next_dist_client_0fhqo1d._.js:13299
[ 1316121ms] [ERROR] WebSocket connection to 'ws://localhost:3003/_next/webpack-hmr?id=RMQw4K9iqSeE5EUtQJ8o_' failed: Error in connection establishment: net::ERR_CONNECTION_REFUSED @ http://localhost:3003/_next/static/chunks/node_modules_next_dist_client_0fhqo1d._.js:13299
[ 1319437ms] [ERROR] WebSocket connection to 'ws://localhost:3003/_next/webpack-hmr?id=RMQw4K9iqSeE5EUtQJ8o_' failed: Error in connection establishment: net::ERR_CONNECTION_REFUSED @ http://localhost:3003/_next/static/chunks/node_modules_next_dist_client_0fhqo1d._.js:13299
[ 1322753ms] [ERROR] WebSocket connection to 'ws://localhost:3003/_next/webpack-hmr?id=RMQw4K9iqSeE5EUtQJ8o_' failed: Error in connection establishment: net::ERR_CONNECTION_REFUSED @ http://localhost:3003/_next/static/chunks/node_modules_next_dist_client_0fhqo1d._.js:13299
[ 1326074ms] [ERROR] WebSocket connection to 'ws://localhost:3003/_next/webpack-hmr?id=RMQw4K9iqSeE5EUtQJ8o_' failed: Error in connection establishment: net::ERR_CONNECTION_REFUSED @ http://localhost:3003/_next/static/chunks/node_modules_next_dist_client_0fhqo1d._.js:13299
[ 1333403ms] [ERROR] WebSocket connection to 'ws://localhost:3003/_next/webpack-hmr?id=RMQw4K9iqSeE5EUtQJ8o_' failed: Error in connection establishment: net::ERR_CONNECTION_REFUSED @ http://localhost:3003/_next/static/chunks/node_modules_next_dist_client_0fhqo1d._.js:13299
[ 1340757ms] [ERROR] WebSocket connection to 'ws://localhost:3003/_next/webpack-hmr?id=RMQw4K9iqSeE5EUtQJ8o_' failed: Error in connection establishment: net::ERR_CONNECTION_REFUSED @ http://localhost:3003/_next/static/chunks/node_modules_next_dist_client_0fhqo1d._.js:13299
[ 1348090ms] [ERROR] WebSocket connection to 'ws://localhost:3003/_next/webpack-hmr?id=RMQw4K9iqSeE5EUtQJ8o_' failed: Error in connection establishment: net::ERR_CONNECTION_REFUSED @ http://localhost:3003/_next/static/chunks/node_modules_next_dist_client_0fhqo1d._.js:13299
[ 1355416ms] [ERROR] WebSocket connection to 'ws://localhost:3003/_next/webpack-hmr?id=RMQw4K9iqSeE5EUtQJ8o_' failed: Error in connection establishment: net::ERR_CONNECTION_REFUSED @ http://localhost:3003/_next/static/chunks/node_modules_next_dist_client_0fhqo1d._.js:13299
[ 1362761ms] [ERROR] WebSocket connection to 'ws://localhost:3003/_next/webpack-hmr?id=RMQw4K9iqSeE5EUtQJ8o_' failed: Error in connection establishment: net::ERR_CONNECTION_REFUSED @ http://localhost:3003/_next/static/chunks/node_modules_next_dist_client_0fhqo1d._.js:13299
[ 1370120ms] [ERROR] WebSocket connection to 'ws://localhost:3003/_next/webpack-hmr?id=RMQw4K9iqSeE5EUtQJ8o_' failed: Error in connection establishment: net::ERR_CONNECTION_REFUSED @ http://localhost:3003/_next/static/chunks/node_modules_next_dist_client_0fhqo1d._.js:13299
[ 1377553ms] [ERROR] WebSocket connection to 'ws://localhost:3003/_next/webpack-hmr?id=RMQw4K9iqSeE5EUtQJ8o_' failed: Error in connection establishment: net::ERR_CONNECTION_REFUSED @ http://localhost:3003/_next/static/chunks/node_modules_next_dist_client_0fhqo1d._.js:13299
